[12:12:53:037] Creating DB...
[12:12:53:202] Checking Registration Status...
[12:12:53:203] Preparing Environment. 
[12:12:53:256] Starting Idle timmer...
[12:12:53:441] isRegistered: true Message: ok
[12:19:11:663] Creating DB...
[12:19:11:786] Checking Registration Status...
[12:19:11:787] Preparing Environment. 
[12:19:11:857] Starting Idle timmer...
[12:19:11:900] isRegistered: true Message: ok
[12:20:38:935] Creating DB...
[12:20:39:101] Checking Registration Status...
[12:20:39:103] Preparing Environment. 
[12:20:39:177] Starting Idle timmer...
[12:20:39:220] isRegistered: true Message: ok
[12:22:12:410] Creating DB...
[12:22:12:569] Checking Registration Status...
[12:22:12:570] Preparing Environment. 
[12:22:12:642] Starting Idle timmer...
[12:22:12:680] isRegistered: true Message: ok
[12:23:07:176] Creating DB...
[12:23:07:311] Checking Registration Status...
[12:23:07:312] Preparing Environment. 
[12:23:07:380] Starting Idle timmer...
[12:23:07:419] isRegistered: true Message: ok
[12:24:56:452] Creating DB...
[12:24:56:611] Checking Registration Status...
[12:24:56:613] Preparing Environment. 
[12:24:56:683] Starting Idle timmer...
[12:24:56:795] isRegistered: true Message: ok
[12:26:38:232] Creating DB...
[12:26:38:379] Checking Registration Status...
[12:26:38:380] Preparing Environment. 
[12:26:38:451] Starting Idle timmer...
[12:26:38:504] isRegistered: true Message: ok
[12:29:29:072] Creating DB...
[12:29:29:246] Checking Registration Status...
[12:29:29:247] Preparing Environment. 
[12:29:29:318] Starting Idle timmer...
[12:29:29:389] isRegistered: true Message: ok
[12:31:07:324] Creating DB...
[12:31:07:456] Checking Registration Status...
[12:31:07:457] Preparing Environment. 
[12:31:07:523] Starting Idle timmer...
[12:31:07:580] isRegistered: true Message: ok
[12:31:49:873] Creating DB...
[12:31:50:018] Checking Registration Status...
[12:31:50:020] Preparing Environment. 
[12:31:50:118] Starting Idle timmer...
[12:31:50:162] isRegistered: true Message: ok
[12:36:38:321] Creating DB...
[12:36:38:453] Checking Registration Status...
[12:36:38:455] Preparing Environment. 
[12:36:38:523] Starting Idle timmer...
[12:36:38:566] isRegistered: true Message: ok
[12:39:21:148] Creating DB...
[12:39:21:271] Checking Registration Status...
[12:39:21:272] Preparing Environment. 
[12:39:21:343] Starting Idle timmer...
[12:39:21:385] isRegistered: true Message: ok
[12:40:16:634] Creating DB...
[12:40:16:769] Checking Registration Status...
[12:40:16:770] Preparing Environment. 
[12:40:16:831] Starting Idle timmer...
[12:40:16:852] isRegistered: true Message: ok
[12:48:01:348] Creating DB...
[12:48:01:472] Checking Registration Status...
[12:48:01:474] Preparing Environment. 
[12:48:01:541] Starting Idle timmer...
[12:48:01:583] isRegistered: true Message: ok
[12:49:17:505] Creating DB...
[12:49:18:305] Checking Registration Status...
[12:49:18:307] Preparing Environment. 
[12:49:18:377] Starting Idle timmer...
[12:49:18:413] isRegistered: true Message: ok
[12:51:05:122] Creating DB...
[12:51:05:259] Checking Registration Status...
[12:51:05:261] Preparing Environment. 
[12:51:05:328] Starting Idle timmer...
[12:51:05:378] isRegistered: true Message: ok
[12:51:46:021] Creating DB...
[12:51:46:143] Checking Registration Status...
[12:51:46:146] Preparing Environment. 
[12:51:46:218] Starting Idle timmer...
[12:51:46:253] isRegistered: true Message: ok
[12:52:59:013] Creating DB...
[12:52:59:152] Checking Registration Status...
[12:52:59:154] Preparing Environment. 
[12:52:59:228] Starting Idle timmer...
[12:52:59:273] isRegistered: true Message: ok
[12:53:45:978] Creating DB...
[12:53:46:103] Checking Registration Status...
[12:53:46:104] Preparing Environment. 
[12:53:46:175] Starting Idle timmer...
[12:53:46:216] isRegistered: true Message: ok
[12:54:28:536] Creating DB...
[12:54:28:677] Checking Registration Status...
[12:54:28:679] Preparing Environment. 
[12:54:28:741] Starting Idle timmer...
[12:54:28:784] isRegistered: true Message: ok
[12:55:26:088] Creating DB...
[12:55:26:215] Checking Registration Status...
[12:55:26:217] Preparing Environment. 
[12:55:26:277] Starting Idle timmer...
[12:55:26:322] isRegistered: true Message: ok
[12:56:15:024] Creating DB...
[12:56:15:148] Checking Registration Status...
[12:56:15:149] Preparing Environment. 
[12:56:15:216] Starting Idle timmer...
[12:56:15:251] isRegistered: true Message: ok
[12:57:43:623] Creating DB...
[12:57:43:744] Checking Registration Status...
[12:57:43:745] Preparing Environment. 
[12:57:43:816] Starting Idle timmer...
[12:57:43:860] isRegistered: true Message: ok
[12:58:56:549] Creating DB...
[12:58:56:684] Checking Registration Status...
[12:58:56:686] Preparing Environment. 
[12:58:56:758] Starting Idle timmer...
[12:58:56:790] isRegistered: true Message: ok
[12:59:35:924] Creating DB...
[12:59:36:065] Checking Registration Status...
[12:59:36:067] Preparing Environment. 
[12:59:36:160] Starting Idle timmer...
[12:59:36:204] isRegistered: true Message: ok
[13:00:14:771] Creating DB...
[13:00:14:905] Checking Registration Status...
[13:00:14:907] Preparing Environment. 
[13:00:14:980] Starting Idle timmer...
[13:00:15:020] isRegistered: true Message: ok
[13:02:22:859] Creating DB...
[13:02:23:002] Checking Registration Status...
[13:02:23:004] Preparing Environment. 
[13:02:23:087] Starting Idle timmer...
[13:02:23:123] isRegistered: true Message: ok
[13:05:20:664] Creating DB...
[13:05:20:803] Checking Registration Status...
[13:05:20:804] Preparing Environment. 
[13:05:20:872] Starting Idle timmer...
[13:05:20:919] isRegistered: true Message: ok
[13:06:31:104] Creating DB...
[13:06:31:244] Checking Registration Status...
[13:06:31:246] Preparing Environment. 
[13:06:31:332] Starting Idle timmer...
[13:06:31:369] isRegistered: true Message: ok
[13:06:53:702] Creating DB...
[13:06:53:847] Checking Registration Status...
[13:06:53:849] Preparing Environment. 
[13:06:53:950] Starting Idle timmer...
[13:06:53:998] isRegistered: true Message: ok
[13:11:41:887] Creating DB...
[13:11:42:026] Checking Registration Status...
[13:11:42:028] Preparing Environment. 
[13:11:42:101] Starting Idle timmer...
[13:11:42:147] isRegistered: true Message: ok
[13:16:54:297] Creating DB...
[13:16:54:429] Checking Registration Status...
[13:16:54:431] Preparing Environment. 
[13:16:54:502] Starting Idle timmer...
[13:16:54:540] isRegistered: true Message: ok
[13:18:47:622] Creating DB...
[13:18:47:750] Checking Registration Status...
[13:18:47:751] Preparing Environment. 
[13:18:47:815] Starting Idle timmer...
[13:18:47:852] isRegistered: true Message: ok
[13:19:29:064] Creating DB...
[13:19:29:194] Checking Registration Status...
[13:19:29:196] Preparing Environment. 
[13:19:29:268] Starting Idle timmer...
[13:19:29:308] isRegistered: true Message: ok
[13:20:09:409] Creating DB...
[13:20:09:543] Checking Registration Status...
[13:20:09:544] Preparing Environment. 
[13:20:09:613] Starting Idle timmer...
[13:20:09:646] isRegistered: true Message: ok
[13:24:18:934] Creating DB...
[13:24:19:061] Checking Registration Status...
[13:24:19:062] Preparing Environment. 
[13:24:19:129] Starting Idle timmer...
[13:24:19:165] isRegistered: true Message: ok
[13:25:18:348] Creating DB...
[13:25:18:493] Checking Registration Status...
[13:25:18:495] Preparing Environment. 
[13:25:18:565] Starting Idle timmer...
[13:25:18:610] isRegistered: true Message: ok
[13:26:09:923] Creating DB...
[13:26:10:049] Checking Registration Status...
[13:26:10:051] Preparing Environment. 
[13:26:10:120] Starting Idle timmer...
[13:26:10:166] isRegistered: true Message: ok
[13:27:10:533] Creating DB...
[13:27:10:658] Checking Registration Status...
[13:27:10:660] Preparing Environment. 
[13:27:10:730] Starting Idle timmer...
[13:27:10:777] isRegistered: true Message: ok
[13:27:49:995] Creating DB...
[13:27:50:119] Checking Registration Status...
[13:27:50:121] Preparing Environment. 
[13:27:50:186] Starting Idle timmer...
[13:27:50:226] isRegistered: true Message: ok
[13:31:29:776] Creating DB...
[13:31:29:946] Checking Registration Status...
[13:31:29:947] Preparing Environment. 
[13:31:29:964] ReferenceError {} 'Uncaught Exception thrown'
[13:31:29:992] Starting Idle timmer...
[13:31:30:030] isRegistered: true Message: ok
[13:32:43:430] Creating DB...
[13:32:43:566] Checking Registration Status...
[13:32:43:568] Preparing Environment. 
[13:32:43:635] Starting Idle timmer...
[13:32:43:692] isRegistered: true Message: ok
[13:37:19:673] Creating DB...
[13:37:19:797] Checking Registration Status...
[13:37:19:798] Preparing Environment. 
[13:37:19:867] Starting Idle timmer...
[13:37:19:923] isRegistered: true Message: ok
[13:38:01:245] Creating DB...
[13:38:01:370] Checking Registration Status...
[13:38:01:372] Preparing Environment. 
[13:38:01:443] Starting Idle timmer...
[13:38:01:488] isRegistered: true Message: ok
[13:38:30:372] Creating DB...
[13:38:30:497] Checking Registration Status...
[13:38:30:499] Preparing Environment. 
[13:38:30:571] Starting Idle timmer...
[13:38:30:605] isRegistered: true Message: ok
[13:41:26:802] Creating DB...
[13:41:26:928] Checking Registration Status...
[13:41:26:930] Preparing Environment. 
[13:41:26:999] Starting Idle timmer...
[13:41:27:051] isRegistered: true Message: ok
[13:41:30:133] No file selected!
[13:41:49:146] Creating DB...
[13:41:49:274] Checking Registration Status...
[13:41:49:276] Preparing Environment. 
[13:41:49:347] Starting Idle timmer...
[13:41:49:382] isRegistered: true Message: ok
[13:42:32:415] Creating DB...
[13:42:32:555] Checking Registration Status...
[13:42:32:557] Preparing Environment. 
[13:42:32:654] Starting Idle timmer...
[13:42:32:697] isRegistered: true Message: ok
[13:50:56:018] Creating DB...
[13:50:56:436] Checking Registration Status...
[13:50:56:437] Preparing Environment. 
[13:50:56:498] Starting Idle timmer...
[13:50:56:529] isRegistered: true Message: ok
[13:51:44:537] Creating DB...
[13:51:44:664] Checking Registration Status...
[13:51:44:666] Preparing Environment. 
[13:51:44:734] Starting Idle timmer...
[13:51:44:778] isRegistered: true Message: ok
[13:56:14:028] Creating DB...
[13:56:14:154] Checking Registration Status...
[13:56:14:155] Preparing Environment. 
[13:56:14:233] Starting Idle timmer...
[13:56:14:278] isRegistered: true Message: ok
[14:01:18:689] Creating DB...
[14:01:18:814] Checking Registration Status...
[14:01:18:816] Preparing Environment. 
[14:01:18:890] Starting Idle timmer...
[14:01:18:942] isRegistered: true Message: ok
[14:04:18:927] Creating DB...
[14:04:19:071] Checking Registration Status...
[14:04:19:072] Preparing Environment. 
[14:04:19:142] Starting Idle timmer...
[14:04:19:194] isRegistered: true Message: ok
[14:11:52:224] Creating DB...
[14:11:52:359] Checking Registration Status...
[14:11:52:361] Preparing Environment. 
[14:11:52:462] Starting Idle timmer...
[14:11:52:502] isRegistered: true Message: ok
[14:20:08:714] Creating DB...
[14:20:08:844] Checking Registration Status...
[14:20:08:846] Preparing Environment. 
[14:20:08:917] Starting Idle timmer...
[14:20:08:966] isRegistered: true Message: ok
[14:40:42:539] Creating DB...
[14:40:42:666] Checking Registration Status...
[14:40:42:667] Preparing Environment. 
[14:40:42:762] Starting Idle timmer...
[14:40:42:807] isRegistered: true Message: ok
[14:47:00:291] Creating DB...
[14:47:00:417] Checking Registration Status...
[14:47:00:419] Preparing Environment. 
[14:47:00:491] Starting Idle timmer...
[14:47:00:553] isRegistered: true Message: ok
[15:01:13:324] Creating DB...
[15:01:14:283] Checking Registration Status...
[15:01:14:285] Preparing Environment. 
[15:01:14:357] Starting Idle timmer...
[15:01:14:401] isRegistered: true Message: ok
[15:02:11:479] Creating DB...
[15:02:11:621] Checking Registration Status...
[15:02:11:622] Preparing Environment. 
[15:02:11:686] Starting Idle timmer...
[15:02:11:719] isRegistered: true Message: ok
[15:04:54:962] Creating DB...
[15:04:55:096] Checking Registration Status...
[15:04:55:097] Preparing Environment. 
[15:04:55:171] Starting Idle timmer...
[15:04:55:200] isRegistered: true Message: ok
[15:05:35:856] Creating DB...
[15:05:35:981] Checking Registration Status...
[15:05:35:983] Preparing Environment. 
[15:05:36:073] Starting Idle timmer...
[15:05:36:121] isRegistered: true Message: ok
[15:06:04:175] Creating DB...
[15:06:04:305] Checking Registration Status...
[15:06:04:307] Preparing Environment. 
[15:06:04:399] Starting Idle timmer...
[15:06:04:439] isRegistered: true Message: ok
[15:07:32:398] Creating DB...
[15:07:32:521] Checking Registration Status...
[15:07:32:524] Preparing Environment. 
[15:07:32:595] Starting Idle timmer...
[15:07:32:639] isRegistered: true Message: ok
[15:11:55:076] Creating DB...
[15:11:55:197] Checking Registration Status...
[15:11:55:198] Preparing Environment. 
[15:11:55:266] Starting Idle timmer...
[15:11:55:313] isRegistered: true Message: ok
[15:12:19:236] Creating DB...
[15:12:19:363] Checking Registration Status...
[15:12:19:365] Preparing Environment. 
[15:12:19:431] Starting Idle timmer...
[15:12:19:478] isRegistered: true Message: ok
[15:14:39:152] Creating DB...
[15:14:39:284] Checking Registration Status...
[15:14:39:285] Preparing Environment. 
[15:14:39:358] Starting Idle timmer...
[15:14:39:406] isRegistered: true Message: ok
[15:14:42:408] Creating DB...
[15:14:42:536] Checking Registration Status...
[15:14:42:537] Preparing Environment. 
[15:14:42:583] Starting Idle timmer...
[15:14:42:624] isRegistered: true Message: ok
[15:14:47:154] Creating DB...
[15:14:47:294] Checking Registration Status...
[15:14:47:295] Preparing Environment. 
[15:14:47:336] Starting Idle timmer...
[15:14:47:391] isRegistered: true Message: ok
[15:14:50:240] Creating DB...
[15:14:50:371] Checking Registration Status...
[15:14:50:373] Preparing Environment. 
[15:14:50:420] Starting Idle timmer...
[15:14:50:467] isRegistered: true Message: ok
[15:23:26:376] Creating DB...
[15:23:26:524] Checking Registration Status...
[15:23:26:525] Preparing Environment. 
[15:23:26:593] Starting Idle timmer...
[15:23:26:637] isRegistered: true Message: ok
[15:23:34:206] Creating DB...
[15:23:34:351] Checking Registration Status...
[15:23:34:352] Preparing Environment. 
[15:23:34:394] Starting Idle timmer...
[15:23:34:438] isRegistered: true Message: ok
[15:25:16:002] Creating DB...
[15:25:16:137] Checking Registration Status...
[15:25:16:138] Preparing Environment. 
[15:25:16:214] Starting Idle timmer...
[15:25:16:254] isRegistered: true Message: ok
[15:25:19:646] Creating DB...
[15:25:19:783] Checking Registration Status...
[15:25:19:784] Preparing Environment. 
[15:25:19:827] Starting Idle timmer...
[15:25:19:864] isRegistered: true Message: ok
[15:28:35:655] Creating DB...
[15:28:35:784] Checking Registration Status...
[15:28:35:787] Preparing Environment. 
[15:28:35:857] Starting Idle timmer...
[15:28:35:888] isRegistered: true Message: ok
[15:28:49:454] Creating DB...
[15:28:49:582] Checking Registration Status...
[15:28:49:583] Preparing Environment. 
[15:28:49:646] Starting Idle timmer...
[15:28:49:689] isRegistered: true Message: ok
[15:30:01:050] Creating DB...
[15:30:01:199] Checking Registration Status...
[15:30:01:201] Preparing Environment. 
[15:30:01:277] Starting Idle timmer...
[15:30:01:320] isRegistered: true Message: ok
[15:30:20:611] Creating DB...
[15:30:20:760] Checking Registration Status...
[15:30:20:763] Preparing Environment. 
[15:30:20:833] Starting Idle timmer...
[15:30:20:874] isRegistered: true Message: ok
[15:30:51:781] Creating DB...
[15:30:51:931] Checking Registration Status...
[15:30:51:932] Preparing Environment. 
[15:30:51:999] Starting Idle timmer...
[15:30:52:038] isRegistered: true Message: ok
[15:31:25:418] No file selected!
[15:31:38:504] Creating DB...
[15:31:38:656] Checking Registration Status...
[15:31:38:657] Preparing Environment. 
[15:31:38:731] Starting Idle timmer...
[15:31:38:772] isRegistered: true Message: ok
[15:32:44:967] Creating DB...
[15:32:45:125] Checking Registration Status...
[15:32:45:126] Preparing Environment. 
[15:32:45:220] Starting Idle timmer...
[15:32:45:254] isRegistered: true Message: ok
[15:32:54:349] No file selected!
[15:34:24:659] Creating DB...
[15:34:24:818] Checking Registration Status...
[15:34:24:820] Preparing Environment. 
[15:34:24:893] Starting Idle timmer...
[15:34:24:949] isRegistered: true Message: ok
[15:36:21:005] Creating DB...
[15:36:21:144] Checking Registration Status...
[15:36:21:145] Preparing Environment. 
[15:36:21:212] Starting Idle timmer...
[15:36:21:254] isRegistered: true Message: ok
[15:36:27:305] Creating DB...
[15:36:27:455] Checking Registration Status...
[15:36:27:457] Preparing Environment. 
[15:36:27:507] Starting Idle timmer...
[15:36:27:587] isRegistered: true Message: ok
[15:37:52:154] Creating DB...
[15:37:52:305] Checking Registration Status...
[15:37:52:307] Preparing Environment. 
[15:37:52:390] Starting Idle timmer...
[15:37:52:447] isRegistered: true Message: ok
[15:38:56:239] Creating DB...
[15:38:56:390] Checking Registration Status...
[15:38:56:392] Preparing Environment. 
[15:38:56:467] Starting Idle timmer...
[15:38:56:510] isRegistered: true Message: ok
[15:46:54:503] Creating DB...
[15:46:54:634] Checking Registration Status...
[15:46:54:635] Preparing Environment. 
[15:46:54:702] Starting Idle timmer...
[15:46:54:749] isRegistered: true Message: ok
[15:46:59:517] Creating DB...
[15:46:59:641] Checking Registration Status...
[15:46:59:643] Preparing Environment. 
[15:46:59:684] Starting Idle timmer...
[15:46:59:726] isRegistered: true Message: ok
[15:47:33:238] Creating DB...
[15:47:33:375] Checking Registration Status...
[15:47:33:377] Preparing Environment. 
[15:47:33:452] Starting Idle timmer...
[15:47:33:489] isRegistered: true Message: ok
[15:47:37:936] Creating DB...
[15:47:38:067] Checking Registration Status...
[15:47:38:069] Preparing Environment. 
[15:47:38:115] Starting Idle timmer...
[15:47:38:171] isRegistered: true Message: ok
[15:47:42:361] Creating DB...
[15:47:42:485] Checking Registration Status...
[15:47:42:487] Preparing Environment. 
[15:47:42:532] Starting Idle timmer...
[15:47:42:585] isRegistered: true Message: ok
[15:47:46:235] Creating DB...
[15:47:46:364] Checking Registration Status...
[15:47:46:366] Preparing Environment. 
[15:47:46:415] Starting Idle timmer...
[15:47:46:457] isRegistered: true Message: ok
[15:49:01:858] Creating DB...
[15:49:01:987] Checking Registration Status...
[15:49:01:989] Preparing Environment. 
[15:49:02:059] Starting Idle timmer...
[15:49:02:100] isRegistered: true Message: ok
[15:49:06:018] Creating DB...
[15:49:06:146] Checking Registration Status...
[15:49:06:148] Preparing Environment. 
[15:49:06:193] Starting Idle timmer...
[15:49:06:232] isRegistered: true Message: ok
[15:51:46:434] Creating DB...
[15:51:46:600] Checking Registration Status...
[15:51:46:602] Preparing Environment. 
[15:51:46:675] Starting Idle timmer...
[15:51:46:732] isRegistered: true Message: ok
[15:54:11:237] Creating DB...
[15:54:11:403] Checking Registration Status...
[15:54:11:405] Preparing Environment. 
[15:54:11:484] Starting Idle timmer...
[15:54:11:511] isRegistered: true Message: ok
[15:55:17:659] Creating DB...
[15:55:17:826] Checking Registration Status...
[15:55:17:828] Preparing Environment. 
[15:55:17:899] Starting Idle timmer...
[15:55:17:940] isRegistered: true Message: ok
[15:57:19:329] Creating DB...
[15:57:19:478] Checking Registration Status...
[15:57:19:480] Preparing Environment. 
[15:57:19:548] Starting Idle timmer...
[15:57:19:586] isRegistered: true Message: ok
[15:58:44:288] Creating DB...
[15:58:44:435] Checking Registration Status...
[15:58:44:436] Preparing Environment. 
[15:58:44:507] Starting Idle timmer...
[15:58:44:554] isRegistered: true Message: ok
[15:59:39:007] Creating DB...
[15:59:39:154] Checking Registration Status...
[15:59:39:155] Preparing Environment. 
[15:59:39:226] Starting Idle timmer...
[15:59:39:262] isRegistered: true Message: ok
[16:00:06:496] Creating DB...
[16:00:06:644] Checking Registration Status...
[16:00:06:645] Preparing Environment. 
[16:00:06:717] Starting Idle timmer...
[16:00:06:756] isRegistered: true Message: ok
[16:00:34:910] Creating DB...
[16:00:35:058] Checking Registration Status...
[16:00:35:060] Preparing Environment. 
[16:00:35:132] Starting Idle timmer...
[16:00:35:245] isRegistered: true Message: ok
[16:01:06:188] Creating DB...
[16:01:06:349] Checking Registration Status...
[16:01:06:351] Preparing Environment. 
[16:01:06:414] Starting Idle timmer...
[16:01:06:457] isRegistered: true Message: ok
[16:02:13:025] Creating DB...
[16:02:13:474] Checking Registration Status...
[16:02:13:475] Preparing Environment. 
[16:02:13:548] Starting Idle timmer...
[16:02:13:584] isRegistered: true Message: ok
[16:02:58:398] Creating DB...
[16:02:58:555] Checking Registration Status...
[16:02:58:557] Preparing Environment. 
[16:02:58:642] Starting Idle timmer...
[16:02:58:683] isRegistered: true Message: ok
[16:04:10:955] Creating DB...
[16:04:11:118] Checking Registration Status...
[16:04:11:119] Preparing Environment. 
[16:04:11:190] Starting Idle timmer...
[16:04:11:232] isRegistered: true Message: ok
[16:04:15:116] Creating DB...
[16:04:15:272] Checking Registration Status...
[16:04:15:274] Preparing Environment. 
[16:04:15:320] Starting Idle timmer...
[16:04:15:359] isRegistered: true Message: ok
[16:05:54:350] Creating DB...
[16:05:54:527] Checking Registration Status...
[16:05:54:528] Preparing Environment. 
[16:05:54:587] Starting Idle timmer...
[16:05:54:688] isRegistered: true Message: ok
[16:16:29:214] Creating DB...
[16:16:29:360] Checking Registration Status...
[16:16:29:361] Preparing Environment. 
[16:16:29:433] Starting Idle timmer...
[16:16:29:479] isRegistered: true Message: ok
[16:18:20:133] Creating DB...
[16:18:20:276] Checking Registration Status...
[16:18:20:278] Preparing Environment. 
[16:18:20:347] Starting Idle timmer...
[16:18:20:382] isRegistered: true Message: ok
[16:18:29:290] Creating DB...
[16:18:29:431] Checking Registration Status...
[16:18:29:432] Preparing Environment. 
[16:18:29:475] Starting Idle timmer...
[16:18:29:519] isRegistered: true Message: ok
[16:20:16:428] Creating DB...
[16:20:16:572] Checking Registration Status...
[16:20:16:573] Preparing Environment. 
[16:20:16:621] Starting Idle timmer...
[16:20:16:656] isRegistered: true Message: ok
[16:20:40:909] Creating DB...
[16:20:41:056] Checking Registration Status...
[16:20:41:058] Preparing Environment. 
[16:20:41:100] Starting Idle timmer...
[16:20:41:157] isRegistered: true Message: ok
[16:22:49:723] Creating DB...
[16:22:49:867] Checking Registration Status...
[16:22:49:868] Preparing Environment. 
[16:22:49:929] Starting Idle timmer...
[16:22:49:981] isRegistered: true Message: ok
[16:22:53:182] Creating DB...
[16:22:53:319] Checking Registration Status...
[16:22:53:320] Preparing Environment. 
[16:22:53:360] Starting Idle timmer...
[16:22:53:404] isRegistered: true Message: ok
[16:23:02:317] Creating DB...
[16:23:02:458] Checking Registration Status...
[16:23:02:460] Preparing Environment. 
[16:23:02:503] Starting Idle timmer...
[16:23:02:548] isRegistered: true Message: ok
[16:23:34:626] Creating DB...
[16:23:34:782] Checking Registration Status...
[16:23:34:784] Preparing Environment. 
[16:23:34:842] Starting Idle timmer...
[16:23:34:896] isRegistered: true Message: ok
[16:25:04:364] Creating DB...
[16:25:04:524] Checking Registration Status...
[16:25:04:526] Preparing Environment. 
[16:25:04:586] Starting Idle timmer...
[16:25:04:637] isRegistered: true Message: ok
[16:26:40:150] Creating DB...
[16:26:40:299] Checking Registration Status...
[16:26:40:300] Preparing Environment. 
[16:26:40:365] Starting Idle timmer...
[16:26:40:401] isRegistered: true Message: ok
[16:28:25:998] Creating DB...
[16:28:26:142] Checking Registration Status...
[16:28:26:144] Preparing Environment. 
[16:28:26:212] Starting Idle timmer...
[16:28:26:248] isRegistered: true Message: ok
[16:33:22:420] Creating DB...
[16:33:22:578] Checking Registration Status...
[16:33:22:579] Preparing Environment. 
[16:33:22:688] Starting Idle timmer...
[16:33:22:725] isRegistered: true Message: ok
[16:34:18:826] Creating DB...
[16:34:18:963] Checking Registration Status...
[16:34:18:964] Preparing Environment. 
[16:34:19:036] Starting Idle timmer...
[16:34:19:086] isRegistered: true Message: ok
[16:37:35:195] Creating DB...
[16:37:35:326] Checking Registration Status...
[16:37:35:327] Preparing Environment. 
[16:37:35:395] Starting Idle timmer...
[16:37:35:446] isRegistered: true Message: ok
[16:43:12:352] Creating DB...
[16:43:12:480] Checking Registration Status...
[16:43:12:481] Preparing Environment. 
[16:43:12:552] Starting Idle timmer...
[16:43:12:592] isRegistered: true Message: ok
[16:44:02:857] TypeError {} 'Uncaught Exception thrown'
[16:48:01:285] Creating DB...
[16:48:01:415] Checking Registration Status...
[16:48:01:417] Preparing Environment. 
[16:48:01:481] Starting Idle timmer...
[16:48:01:532] isRegistered: true Message: ok
[16:55:59:699] Creating DB...
[16:55:59:846] Checking Registration Status...
[16:55:59:847] Preparing Environment. 
[16:55:59:908] Starting Idle timmer...
[16:55:59:939] isRegistered: true Message: ok
[16:58:12:763] Creating DB...
[16:58:12:894] Checking Registration Status...
[16:58:12:895] Preparing Environment. 
[16:58:12:994] Starting Idle timmer...
[16:58:13:047] isRegistered: true Message: ok
[17:01:17:352] Creating DB...
[17:01:17:518] Checking Registration Status...
[17:01:17:520] Preparing Environment. 
[17:01:17:592] Starting Idle timmer...
[17:01:17:631] isRegistered: true Message: ok
[17:01:45:806] Creating DB...
[17:01:45:969] Checking Registration Status...
[17:01:45:972] Preparing Environment. 
[17:01:46:052] Starting Idle timmer...
[17:01:46:103] isRegistered: true Message: ok
[17:03:06:325] Creating DB...
[17:03:07:241] Checking Registration Status...
[17:03:07:243] Preparing Environment. 
[17:03:07:319] Starting Idle timmer...
[17:03:07:422] isRegistered: true Message: ok
[17:03:57:776] Creating DB...
[17:03:57:926] Checking Registration Status...
[17:03:57:928] Preparing Environment. 
[17:03:58:012] Starting Idle timmer...
[17:03:58:250] isRegistered: true Message: ok
[17:04:45:194] Creating DB...
[17:04:45:342] Checking Registration Status...
[17:04:45:343] Preparing Environment. 
[17:04:45:420] Starting Idle timmer...
[17:04:45:519] isRegistered: true Message: ok
[10:11:49:077] Creating DB...
[10:11:50:335] Checking Registration Status...
[10:11:50:337] Preparing Environment. 
[10:11:50:405] Starting Idle timmer...
[10:11:50:453] isRegistered: true Message: ok
[11:10:37:167] Creating DB...
[11:10:37:616] Checking Registration Status...
[11:10:37:617] Preparing Environment. 
[11:10:37:667] Starting Idle timmer...
[11:10:37:682] isRegistered: true Message: ok
[11:13:30:190] Creating DB...
[11:13:31:468] Checking Registration Status...
[11:13:31:470] Preparing Environment. 
[11:13:31:517] Starting Idle timmer...
[11:13:31:554] isRegistered: true Message: ok
[11:17:25:190] Creating DB...
[11:17:25:342] Checking Registration Status...
[11:17:25:344] Preparing Environment. 
[11:17:25:392] Starting Idle timmer...
[11:17:25:439] isRegistered: true Message: ok
[11:21:46:244] Creating DB...
[11:21:46:414] Checking Registration Status...
[11:21:46:416] Preparing Environment. 
[11:21:46:465] Starting Idle timmer...
[11:21:46:485] isRegistered: true Message: ok
[11:34:47:269] Creating DB...
[11:34:47:427] Checking Registration Status...
[11:34:47:429] Preparing Environment. 
[11:34:47:479] Starting Idle timmer...
[11:34:47:525] isRegistered: true Message: ok
[11:35:25:996] Creating DB...
[11:35:26:168] Checking Registration Status...
[11:35:26:170] Preparing Environment. 
[11:35:26:222] Starting Idle timmer...
[11:35:26:261] isRegistered: true Message: ok
[11:37:04:082] Creating DB...
[11:37:04:235] Checking Registration Status...
[11:37:04:237] Preparing Environment. 
[11:37:04:286] Starting Idle timmer...
[11:37:04:303] isRegistered: true Message: ok
[11:37:57:241] Creating DB...
[11:37:57:397] Checking Registration Status...
[11:37:57:399] Preparing Environment. 
[11:37:57:449] Starting Idle timmer...
[11:37:57:489] isRegistered: true Message: ok
[11:38:58:604] Creating DB...
[11:38:58:760] Checking Registration Status...
[11:38:58:762] Preparing Environment. 
[11:38:58:810] Starting Idle timmer...
[11:38:58:849] isRegistered: true Message: ok
[11:40:28:792] Creating DB...
[11:40:28:963] Checking Registration Status...
[11:40:28:964] Preparing Environment. 
[11:40:29:013] Starting Idle timmer...
[11:40:29:054] isRegistered: true Message: ok
[11:41:41:828] Creating DB...
[11:41:41:997] Checking Registration Status...
[11:41:41:999] Preparing Environment. 
[11:41:42:051] Starting Idle timmer...
[11:41:42:087] isRegistered: true Message: ok
[11:42:16:391] Creating DB...
[11:42:16:550] Checking Registration Status...
[11:42:16:552] Preparing Environment. 
[11:42:16:602] Starting Idle timmer...
[11:42:16:642] isRegistered: true Message: ok
[11:43:11:557] Creating DB...
[11:43:11:723] Checking Registration Status...
[11:43:11:724] Preparing Environment. 
[11:43:11:772] Starting Idle timmer...
[11:43:11:812] isRegistered: true Message: ok
[11:43:49:114] Creating DB...
[11:43:49:285] Checking Registration Status...
[11:43:49:288] Preparing Environment. 
[11:43:49:342] Starting Idle timmer...
[11:43:49:385] isRegistered: true Message: ok
[11:44:48:774] Creating DB...
[11:44:48:946] Checking Registration Status...
[11:44:48:948] Preparing Environment. 
[11:44:48:996] Starting Idle timmer...
[11:44:49:016] isRegistered: true Message: ok
[11:45:13:344] Creating DB...
[11:45:13:499] Checking Registration Status...
[11:45:13:502] Preparing Environment. 
[11:45:13:551] Starting Idle timmer...
[11:45:13:593] isRegistered: true Message: ok
[11:46:04:073] Creating DB...
[11:46:04:226] Checking Registration Status...
[11:46:04:228] Preparing Environment. 
[11:46:04:277] Starting Idle timmer...
[11:46:04:318] isRegistered: true Message: ok
[11:46:45:416] Creating DB...
[11:46:45:580] Checking Registration Status...
[11:46:45:582] Preparing Environment. 
[11:46:45:631] Starting Idle timmer...
[11:46:45:667] isRegistered: true Message: ok
[11:47:45:998] Creating DB...
[11:47:46:152] Checking Registration Status...
[11:47:46:153] Preparing Environment. 
[11:47:46:204] Starting Idle timmer...
[11:47:46:248] isRegistered: true Message: ok
[11:50:00:816] Creating DB...
[11:50:00:996] Checking Registration Status...
[11:50:00:998] Preparing Environment. 
[11:50:01:047] Starting Idle timmer...
[11:50:01:090] isRegistered: true Message: ok
[11:51:19:134] Creating DB...
[11:51:19:316] Checking Registration Status...
[11:51:19:318] Preparing Environment. 
[11:51:19:367] Starting Idle timmer...
[11:51:19:386] isRegistered: true Message: ok
[11:51:52:551] Creating DB...
[11:51:52:733] Checking Registration Status...
[11:51:52:734] Preparing Environment. 
[11:51:52:783] Starting Idle timmer...
[11:51:52:798] isRegistered: true Message: ok
[11:58:37:969] Creating DB...
[11:58:38:135] Checking Registration Status...
[11:58:38:137] Preparing Environment. 
[11:58:38:192] Starting Idle timmer...
[11:58:38:214] isRegistered: true Message: ok
[12:02:30:087] Creating DB...
[12:02:30:257] Checking Registration Status...
[12:02:30:258] Preparing Environment. 
[12:02:30:306] Starting Idle timmer...
[12:02:30:322] isRegistered: true Message: ok
[12:27:35:740] Creating DB...
[12:27:36:419] Checking Registration Status...
[12:27:36:421] Preparing Environment. 
[12:27:36:475] Starting Idle timmer...
[12:27:36:516] isRegistered: true Message: ok
[12:29:25:480] Creating DB...
[12:29:25:651] Checking Registration Status...
[12:29:25:653] Preparing Environment. 
[12:29:25:703] Starting Idle timmer...
[12:29:25:713] isRegistered: true Message: ok
[12:30:56:843] Creating DB...
[12:30:57:012] Checking Registration Status...
[12:30:57:014] Preparing Environment. 
[12:30:57:066] Starting Idle timmer...
[12:30:57:081] isRegistered: true Message: ok
[12:34:47:049] Creating DB...
[12:34:47:231] Checking Registration Status...
[12:34:47:232] Preparing Environment. 
[12:34:47:283] Starting Idle timmer...
[12:34:47:298] isRegistered: true Message: ok
[12:39:23:389] Creating DB...
[12:39:23:562] Checking Registration Status...
[12:39:23:564] Preparing Environment. 
[12:39:23:610] Starting Idle timmer...
[12:39:23:649] isRegistered: true Message: ok
[12:40:28:044] Creating DB...
[12:40:28:221] Checking Registration Status...
[12:40:28:223] Preparing Environment. 
[12:40:28:275] Starting Idle timmer...
[12:40:28:294] isRegistered: true Message: ok
[12:41:30:298] Creating DB...
[12:41:30:476] Checking Registration Status...
[12:41:30:478] Preparing Environment. 
[12:41:30:528] Starting Idle timmer...
[12:41:30:569] isRegistered: true Message: ok
[12:45:03:870] Creating DB...
[12:45:04:041] Checking Registration Status...
[12:45:04:043] Preparing Environment. 
[12:45:04:093] Starting Idle timmer...
[12:45:04:109] isRegistered: true Message: ok
[12:45:53:218] Creating DB...
[12:45:53:385] Checking Registration Status...
[12:45:53:387] Preparing Environment. 
[12:45:53:434] Starting Idle timmer...
[12:45:53:478] isRegistered: true Message: ok
[13:16:05:269] Creating DB...
[13:16:05:434] Checking Registration Status...
[13:16:05:435] Preparing Environment. 
[13:16:05:480] Starting Idle timmer...
[13:16:05:500] isRegistered: true Message: ok
[13:17:23:582] Creating DB...
[13:17:23:746] Checking Registration Status...
[13:17:23:748] Preparing Environment. 
[13:17:23:799] Starting Idle timmer...
[13:17:23:817] isRegistered: true Message: ok
[13:19:35:912] Creating DB...
[13:19:36:077] Checking Registration Status...
[13:19:36:079] Preparing Environment. 
[13:19:36:126] Starting Idle timmer...
[13:19:36:143] isRegistered: true Message: ok
[13:20:46:417] Creating DB...
[13:20:46:597] Checking Registration Status...
[13:20:46:598] Preparing Environment. 
[13:20:46:647] Starting Idle timmer...
[13:20:46:687] isRegistered: true Message: ok
[13:23:59:106] Creating DB...
[13:23:59:280] Checking Registration Status...
[13:23:59:283] Preparing Environment. 
[13:23:59:328] Starting Idle timmer...
[13:23:59:375] isRegistered: true Message: ok
[13:25:15:126] Creating DB...
[13:25:15:299] Checking Registration Status...
[13:25:15:301] Preparing Environment. 
[13:25:15:348] Starting Idle timmer...
[13:25:15:393] isRegistered: true Message: ok
[13:26:26:516] Creating DB...
[13:26:26:709] Checking Registration Status...
[13:26:26:712] Preparing Environment. 
[13:26:26:761] Starting Idle timmer...
[13:26:26:778] isRegistered: true Message: ok
[13:26:54:190] Creating DB...
[13:26:54:361] Checking Registration Status...
[13:26:54:363] Preparing Environment. 
[13:26:54:410] Starting Idle timmer...
[13:26:54:427] isRegistered: true Message: ok
[14:01:32:501] Creating DB...
[14:01:33:705] Checking Registration Status...
[14:01:33:707] Preparing Environment. 
[14:01:33:757] Starting Idle timmer...
[14:01:33:799] isRegistered: true Message: ok
[14:34:01:884] Creating DB...
[14:34:02:084] Checking Registration Status...
[14:34:02:086] Preparing Environment. 
[14:34:02:136] Starting Idle timmer...
[14:34:02:546] isRegistered: true Message: ok
[14:43:31:153] Creating DB...
[14:43:31:331] Checking Registration Status...
[14:43:31:333] Preparing Environment. 
[14:43:31:385] Starting Idle timmer...
[14:43:31:424] isRegistered: true Message: ok
[14:45:22:683] Creating DB...
[14:45:22:856] Checking Registration Status...
[14:45:22:858] Preparing Environment. 
[14:45:22:906] Starting Idle timmer...
[14:45:22:926] isRegistered: true Message: ok
[14:46:26:625] Creating DB...
[14:46:26:808] Checking Registration Status...
[14:46:26:810] Preparing Environment. 
[14:46:26:862] Starting Idle timmer...
[14:46:26:880] isRegistered: true Message: ok
[14:47:21:161] Creating DB...
[14:47:21:333] Checking Registration Status...
[14:47:21:335] Preparing Environment. 
[14:47:21:386] Starting Idle timmer...
[14:47:21:404] isRegistered: true Message: ok
[14:49:32:250] Creating DB...
[14:49:32:420] Checking Registration Status...
[14:49:32:421] Preparing Environment. 
[14:49:32:475] Starting Idle timmer...
[14:49:32:489] isRegistered: true Message: ok
[14:51:43:551] Creating DB...
[14:51:43:744] Checking Registration Status...
[14:51:43:746] Preparing Environment. 
[14:51:43:796] Starting Idle timmer...
[14:51:43:842] isRegistered: true Message: ok
[14:53:17:816] Creating DB...
[14:53:17:992] Checking Registration Status...
[14:53:17:994] Preparing Environment. 
[14:53:18:043] Starting Idle timmer...
[14:53:18:082] isRegistered: true Message: ok
[14:54:00:516] Creating DB...
[14:54:00:699] Checking Registration Status...
[14:54:00:701] Preparing Environment. 
[14:54:00:732] Starting Idle timmer...
[14:54:00:768] isRegistered: true Message: ok
[14:58:00:665] Creating DB...
[14:58:00:841] Checking Registration Status...
[14:58:00:843] Preparing Environment. 
[14:58:00:893] Starting Idle timmer...
[14:58:00:912] isRegistered: true Message: ok
[14:58:16:436] Creating DB...
[14:58:16:605] Checking Registration Status...
[14:58:16:607] Preparing Environment. 
[14:58:16:675] isRegistered: true Message: ok
[15:00:54:755] Creating DB...
[15:00:54:936] Checking Registration Status...
[15:00:54:938] Preparing Environment. 
[15:00:54:990] Starting Idle timmer...
[15:00:55:006] isRegistered: true Message: ok
[15:01:08:147] Creating DB...
[15:01:08:330] Checking Registration Status...
[15:01:08:331] Preparing Environment. 
[15:01:08:360] Starting Idle timmer...
[15:01:08:384] isRegistered: true Message: ok
[15:01:31:813] Creating DB...
[15:01:31:985] Checking Registration Status...
[15:01:31:986] Preparing Environment. 
[15:01:32:038] Starting Idle timmer...
[15:01:32:048] isRegistered: true Message: ok
[15:01:53:955] Creating DB...
[15:01:54:797] Checking Registration Status...
[15:01:54:800] Preparing Environment. 
[15:01:54:829] Starting Idle timmer...
[15:01:54:858] isRegistered: true Message: ok
[15:06:03:551] Creating DB...
[15:06:03:721] Checking Registration Status...
[15:06:03:723] Preparing Environment. 
[15:06:03:771] Starting Idle timmer...
[15:06:03:814] isRegistered: true Message: ok
[15:07:40:029] Creating DB...
[15:07:40:193] Checking Registration Status...
[15:07:40:195] Preparing Environment. 
[15:07:40:244] Starting Idle timmer...
[15:07:40:286] isRegistered: true Message: ok
[15:10:27:092] Creating DB...
[15:10:27:260] Checking Registration Status...
[15:10:27:262] Preparing Environment. 
[15:10:27:312] Starting Idle timmer...
[15:10:27:326] isRegistered: true Message: ok
[15:58:31:867] Creating DB...
[15:58:32:033] Checking Registration Status...
[15:58:32:034] Preparing Environment. 
[15:58:32:085] Starting Idle timmer...
[15:58:32:099] isRegistered: true Message: ok
[15:59:59:170] Creating DB...
[15:59:59:357] Checking Registration Status...
[15:59:59:359] Preparing Environment. 
[15:59:59:409] Starting Idle timmer...
[15:59:59:494] isRegistered: true Message: ok
[16:00:50:877] Creating DB...
[16:00:51:061] Checking Registration Status...
[16:00:51:063] Preparing Environment. 
[16:00:51:113] Starting Idle timmer...
[16:00:51:156] isRegistered: true Message: ok
[16:01:23:959] Creating DB...
[16:01:24:135] Checking Registration Status...
[16:01:24:138] Preparing Environment. 
[16:01:24:185] Starting Idle timmer...
[16:01:24:219] isRegistered: true Message: ok
[16:05:57:426] Creating DB...
[16:05:58:305] Checking Registration Status...
[16:05:58:307] Preparing Environment. 
[16:05:58:358] Starting Idle timmer...
[16:05:58:399] isRegistered: true Message: ok
[16:07:58:919] Creating DB...
[16:07:59:092] Checking Registration Status...
[16:07:59:094] Preparing Environment. 
[16:07:59:147] Starting Idle timmer...
[16:07:59:164] isRegistered: true Message: ok
[16:09:38:485] Creating DB...
[16:09:38:670] Checking Registration Status...
[16:09:38:672] Preparing Environment. 
[16:09:38:721] Starting Idle timmer...
[16:09:38:760] isRegistered: true Message: ok
[16:09:50:865] No file selected!
[16:10:59:355] Creating DB...
[16:10:59:538] Checking Registration Status...
[16:10:59:540] Preparing Environment. 
[16:10:59:589] Starting Idle timmer...
[16:10:59:626] isRegistered: true Message: ok
[16:12:38:534] Creating DB...
[16:12:38:721] Checking Registration Status...
[16:12:38:723] Preparing Environment. 
[16:12:38:773] Starting Idle timmer...
[16:12:38:797] isRegistered: true Message: ok
[16:13:05:457] Creating DB...
[16:13:05:634] Checking Registration Status...
[16:13:05:636] Preparing Environment. 
[16:13:05:682] Starting Idle timmer...
[16:13:05:720] isRegistered: true Message: ok
[16:15:35:864] Creating DB...
[16:15:36:037] Checking Registration Status...
[16:15:36:039] Preparing Environment. 
[16:15:36:092] Starting Idle timmer...
[16:15:36:101] isRegistered: true Message: ok
[16:17:13:769] Creating DB...
[16:17:13:937] Checking Registration Status...
[16:17:13:939] Preparing Environment. 
[16:17:13:988] Starting Idle timmer...
[16:17:14:025] isRegistered: true Message: ok
[16:19:33:056] Creating DB...
[16:19:33:223] Checking Registration Status...
[16:19:33:225] Preparing Environment. 
[16:19:33:281] Starting Idle timmer...
[16:19:33:320] isRegistered: true Message: ok
[16:44:11:460] Creating DB...
[16:44:11:632] Checking Registration Status...
[16:44:11:635] Preparing Environment. 
[16:44:11:684] Starting Idle timmer...
[16:44:11:727] isRegistered: true Message: ok
[16:57:56:374] Creating DB...
[16:57:56:542] Checking Registration Status...
[16:57:56:545] Preparing Environment. 
[16:57:56:593] Starting Idle timmer...
[16:57:56:636] isRegistered: true Message: ok
[17:06:09:203] Creating DB...
[17:06:09:654] Checking Registration Status...
[17:06:09:656] Preparing Environment. 
[17:06:09:705] Starting Idle timmer...
[17:06:09:745] isRegistered: true Message: ok
[17:13:57:782] Creating DB...
[17:13:57:955] Checking Registration Status...
[17:13:57:956] Preparing Environment. 
[17:13:58:007] Starting Idle timmer...
[17:13:58:050] isRegistered: true Message: ok
[17:15:10:764] Creating DB...
[17:15:10:939] Checking Registration Status...
[17:15:10:941] Preparing Environment. 
[17:15:10:993] Starting Idle timmer...
[17:15:11:033] isRegistered: true Message: ok
[17:16:12:386] Creating DB...
[17:16:12:564] Checking Registration Status...
[17:16:12:566] Preparing Environment. 
[17:16:12:618] Starting Idle timmer...
[17:16:12:632] isRegistered: true Message: ok
[17:16:58:569] Creating DB...
[17:16:58:754] Checking Registration Status...
[17:16:58:756] Preparing Environment. 
[17:16:58:806] Starting Idle timmer...
[17:16:58:845] isRegistered: true Message: ok
[17:17:33:552] Creating DB...
[17:17:33:721] Checking Registration Status...
[17:17:33:723] Preparing Environment. 
[17:17:33:772] Starting Idle timmer...
[17:17:33:809] isRegistered: true Message: ok
[18:45:10:249] Creating DB...
[18:45:11:019] Checking Registration Status...
[18:45:11:021] Preparing Environment. 
[18:45:11:067] Starting Idle timmer...
[18:45:11:106] isRegistered: true Message: ok
[19:03:34:049] Creating DB...
[19:03:34:226] Checking Registration Status...
[19:03:34:227] Preparing Environment. 
[19:03:34:276] Starting Idle timmer...
[19:03:34:491] isRegistered: true Message: ok
[19:04:22:777] Creating DB...
[19:04:22:953] Checking Registration Status...
[19:04:22:954] Preparing Environment. 
[19:04:23:002] Starting Idle timmer...
[19:04:23:040] isRegistered: true Message: ok
[19:04:41:711] Creating DB...
[19:04:41:891] Checking Registration Status...
[19:04:41:893] Preparing Environment. 
[19:04:41:942] Starting Idle timmer...
[19:04:41:977] isRegistered: true Message: ok
[19:05:25:863] Creating DB...
[19:05:26:040] Checking Registration Status...
[19:05:26:042] Preparing Environment. 
[19:05:26:096] Starting Idle timmer...
[19:05:26:275] isRegistered: true Message: ok
[09:13:41:128] Creating DB...
[09:13:41:591] Checking Registration Status...
[09:13:41:593] Preparing Environment. 
[09:13:41:647] Starting Idle timmer...
[09:13:41:674] isRegistered: true Message: ok
[10:11:32:334] Creating DB...
[10:11:32:524] Checking Registration Status...
[10:11:32:525] Preparing Environment. 
[10:11:32:577] Starting Idle timmer...
[10:11:32:608] isRegistered: true Message: ok
[10:19:03:087] Creating DB...
[10:19:03:758] Checking Registration Status...
[10:19:03:760] Preparing Environment. 
[10:19:03:812] Starting Idle timmer...
[10:19:03:841] isRegistered: true Message: ok
[10:29:15:890] Creating DB...
[10:29:16:052] Checking Registration Status...
[10:29:16:053] Preparing Environment. 
[10:29:16:106] Starting Idle timmer...
[10:29:16:142] isRegistered: true Message: ok
[10:29:20:646] ReferenceError {} 'Uncaught Exception thrown'
[10:29:21:557] ReferenceError {} 'Uncaught Exception thrown'
[10:29:21:733] ReferenceError {} 'Uncaught Exception thrown'
[10:29:21:917] ReferenceError {} 'Uncaught Exception thrown'
[10:29:22:629] ReferenceError {} 'Uncaught Exception thrown'
[10:29:23:101] ReferenceError {} 'Uncaught Exception thrown'
[10:29:23:597] ReferenceError {} 'Uncaught Exception thrown'
[10:29:40:354] Creating DB...
[10:29:40:527] Checking Registration Status...
[10:29:40:529] Preparing Environment. 
[10:29:40:576] Starting Idle timmer...
[10:29:40:621] isRegistered: true Message: ok
[10:30:33:538] Creating DB...
[10:30:33:713] Checking Registration Status...
[10:30:33:715] Preparing Environment. 
[10:30:33:764] Starting Idle timmer...
[10:30:33:803] isRegistered: true Message: ok
[10:30:45:183] Creating DB...
[10:30:45:349] Checking Registration Status...
[10:30:45:351] Preparing Environment. 
[10:30:45:398] Starting Idle timmer...
[10:30:45:434] isRegistered: true Message: ok
[10:32:13:616] Creating DB...
[10:32:13:785] Checking Registration Status...
[10:32:13:786] Preparing Environment. 
[10:32:13:842] Starting Idle timmer...
[10:32:13:854] isRegistered: true Message: ok
[10:32:51:560] Creating DB...
[10:32:51:735] Checking Registration Status...
[10:32:51:737] Preparing Environment. 
[10:32:51:785] Starting Idle timmer...
[10:32:51:882] isRegistered: true Message: ok
[10:34:05:168] Creating DB...
[10:34:05:331] Checking Registration Status...
[10:34:05:333] Preparing Environment. 
[10:34:05:390] Starting Idle timmer...
[10:34:05:423] isRegistered: true Message: ok
[10:41:24:785] No file selected!
[14:01:16:781] Creating DB...
[14:01:18:012] Checking Registration Status...
[14:01:18:014] Preparing Environment. 
[14:01:18:054] Starting Idle timmer...
[14:01:18:097] isRegistered: true Message: ok
[14:03:14:824] Creating DB...
[14:03:14:993] Checking Registration Status...
[14:03:14:994] Preparing Environment. 
[14:03:15:040] Starting Idle timmer...
[14:03:15:079] isRegistered: true Message: ok
[14:07:38:432] Creating DB...
[14:07:38:602] Checking Registration Status...
[14:07:38:603] Preparing Environment. 
[14:07:38:658] Starting Idle timmer...
[14:07:38:692] isRegistered: true Message: ok
[14:09:37:894] Creating DB...
[14:09:38:078] Checking Registration Status...
[14:09:38:080] Preparing Environment. 
[14:09:38:134] Starting Idle timmer...
[14:09:38:172] isRegistered: true Message: ok
[14:11:47:821] Creating DB...
[14:11:48:007] Checking Registration Status...
[14:11:48:009] Preparing Environment. 
[14:11:48:058] Starting Idle timmer...
[14:11:48:098] isRegistered: true Message: ok
[14:14:39:806] Creating DB...
[14:14:39:981] Checking Registration Status...
[14:14:39:983] Preparing Environment. 
[14:14:40:026] Starting Idle timmer...
[14:14:40:044] isRegistered: true Message: ok
[14:16:22:650] Creating DB...
[14:16:22:831] Checking Registration Status...
[14:16:22:833] Preparing Environment. 
[14:16:22:881] Starting Idle timmer...
[14:16:22:910] isRegistered: true Message: ok
[14:16:39:583] Creating DB...
[14:16:39:759] Checking Registration Status...
[14:16:39:761] Preparing Environment. 
[14:16:39:808] Starting Idle timmer...
[14:16:39:893] isRegistered: true Message: ok
[14:18:51:551] Creating DB...
[14:18:51:719] Checking Registration Status...
[14:18:51:721] Preparing Environment. 
[14:18:51:769] Starting Idle timmer...
[14:18:51:802] isRegistered: true Message: ok
[14:20:22:126] Creating DB...
[14:20:22:294] Checking Registration Status...
[14:20:22:296] Preparing Environment. 
[14:20:22:343] Starting Idle timmer...
[14:20:22:473] isRegistered: true Message: ok
[14:21:59:355] No file selected!
[14:26:39:561] Creating DB...
[14:26:39:741] Checking Registration Status...
[14:26:39:743] Preparing Environment. 
[14:26:39:792] Starting Idle timmer...
[14:26:39:829] isRegistered: true Message: ok
[14:27:29:371] Creating DB...
[14:27:29:540] Checking Registration Status...
[14:27:29:542] Preparing Environment. 
[14:27:29:591] Starting Idle timmer...
[14:27:29:629] isRegistered: true Message: ok
[14:28:19:698] Creating DB...
[14:28:19:870] Checking Registration Status...
[14:28:19:872] Preparing Environment. 
[14:28:19:918] Starting Idle timmer...
[14:28:19:959] isRegistered: true Message: ok
[14:29:30:493] Creating DB...
[14:29:30:672] Checking Registration Status...
[14:29:30:675] Preparing Environment. 
[14:29:30:723] Starting Idle timmer...
[14:29:30:761] isRegistered: true Message: ok
[14:36:13:375] Creating DB...
[14:36:13:541] Checking Registration Status...
[14:36:13:543] Preparing Environment. 
[14:36:13:593] Starting Idle timmer...
[14:36:13:629] isRegistered: true Message: ok
[14:49:09:339] Creating DB...
[14:49:09:502] Checking Registration Status...
[14:49:09:503] Preparing Environment. 
[14:49:09:554] Starting Idle timmer...
[14:49:09:566] isRegistered: true Message: ok
[14:53:36:720] Creating DB...
[14:53:36:880] Checking Registration Status...
[14:53:36:882] Preparing Environment. 
[14:53:36:930] Starting Idle timmer...
[14:53:36:968] isRegistered: true Message: ok
[15:30:18:842] Creating DB...
[15:30:20:219] Checking Registration Status...
[15:30:20:220] Preparing Environment. 
[15:30:20:274] Starting Idle timmer...
[15:30:20:309] isRegistered: true Message: ok
[15:33:34:117] Creating DB...
[15:33:34:286] Checking Registration Status...
[15:33:34:288] Preparing Environment. 
[15:33:34:336] Starting Idle timmer...
[15:33:34:350] isRegistered: true Message: ok
[15:37:28:852] Creating DB...
[15:37:29:012] Checking Registration Status...
[15:37:29:013] Preparing Environment. 
[15:37:29:055] Starting Idle timmer...
[15:37:29:093] isRegistered: true Message: ok
[15:37:56:235] Creating DB...
[15:37:56:409] Checking Registration Status...
[15:37:56:411] Preparing Environment. 
[15:37:56:453] Starting Idle timmer...
[15:37:56:491] isRegistered: true Message: ok
[15:40:45:419] Creating DB...
[15:40:45:588] Checking Registration Status...
[15:40:45:590] Preparing Environment. 
[15:40:45:632] Starting Idle timmer...
[15:40:45:671] isRegistered: true Message: ok
[15:42:29:033] Creating DB...
[15:42:29:207] Checking Registration Status...
[15:42:29:208] Preparing Environment. 
[15:42:29:251] Starting Idle timmer...
[15:42:29:292] isRegistered: true Message: ok
[15:43:30:854] Creating DB...
[15:43:31:024] Checking Registration Status...
[15:43:31:027] Preparing Environment. 
[15:43:31:071] Starting Idle timmer...
[15:43:31:109] isRegistered: true Message: ok
[15:45:27:614] Creating DB...
[15:45:27:780] Checking Registration Status...
[15:45:27:782] Preparing Environment. 
[15:45:27:820] Starting Idle timmer...
[15:45:27:861] isRegistered: true Message: ok
[15:45:45:874] No file selected!
[15:46:20:209] Creating DB...
[15:46:20:390] Checking Registration Status...
[15:46:20:392] Preparing Environment. 
[15:46:20:436] Starting Idle timmer...
[15:46:20:477] isRegistered: true Message: ok
[15:46:58:229] Creating DB...
[15:46:58:403] Checking Registration Status...
[15:46:58:405] Preparing Environment. 
[15:46:58:448] Starting Idle timmer...
[15:46:58:483] isRegistered: true Message: ok
[15:49:59:204] Creating DB...
[15:49:59:365] Checking Registration Status...
[15:49:59:367] Preparing Environment. 
[15:49:59:409] Starting Idle timmer...
[15:49:59:420] isRegistered: true Message: ok
[19:39:33:220] Creating DB...
[19:39:33:954] Checking Registration Status...
[19:39:33:956] Preparing Environment. 
[19:39:33:994] Starting Idle timmer...
[19:39:34:042] isRegistered: true Message: ok
[20:24:25:194] Creating DB...
[20:24:26:361] Checking Registration Status...
[20:24:26:365] Preparing Environment. 
[20:24:26:419] Starting Idle timmer...
[20:24:26:486] isRegistered: true Message: ok
[20:36:45:094] Creating DB...
[20:36:48:303] Checking Registration Status...
[20:36:48:305] Preparing Environment. 
[20:36:48:354] Starting Idle timmer...
[20:36:48:383] isRegistered: true Message: ok
[20:45:39:719] Creating DB...
[20:45:40:348] Checking Registration Status...
[20:45:40:350] Preparing Environment. 
[20:45:40:395] Starting Idle timmer...
[20:45:40:407] isRegistered: true Message: ok
[20:46:32:552] Creating DB...
[20:46:32:719] Checking Registration Status...
[20:46:32:721] Preparing Environment. 
[20:46:32:763] Starting Idle timmer...
[20:46:32:803] isRegistered: true Message: ok
[09:21:42:169] Creating DB...
[09:21:45:742] Checking Registration Status...
[09:21:45:744] Preparing Environment. 
[09:21:45:788] Starting Idle timmer...
[09:21:45:828] isRegistered: true Message: ok
[09:26:14:236] Creating DB...
[09:26:14:395] Checking Registration Status...
[09:26:14:397] Preparing Environment. 
[09:26:14:439] Starting Idle timmer...
[09:26:14:453] isRegistered: true Message: ok
[09:36:35:999] Creating DB...
[09:36:36:460] Checking Registration Status...
[09:36:36:462] Preparing Environment. 
[09:36:36:504] Starting Idle timmer...
[09:36:36:543] isRegistered: true Message: ok
[09:58:29:132] Creating DB...
[09:58:29:722] Checking Registration Status...
[09:58:29:724] Preparing Environment. 
[09:58:29:768] Starting Idle timmer...
[09:58:29:781] isRegistered: true Message: ok
[10:05:07:792] Creating DB...
[10:05:08:946] Checking Registration Status...
[10:05:08:948] Preparing Environment. 
[10:05:08:995] Starting Idle timmer...
[10:05:09:035] isRegistered: true Message: ok
[10:05:15:279] Creating DB...
[10:05:15:452] Checking Registration Status...
[10:05:15:454] Preparing Environment. 
[10:05:15:496] Starting Idle timmer...
[10:05:15:538] isRegistered: true Message: ok
[10:05:45:115] Creating DB...
[10:05:45:293] Checking Registration Status...
[10:05:45:295] Preparing Environment. 
[10:05:45:338] Starting Idle timmer...
[10:05:45:379] isRegistered: true Message: ok
[10:06:40:465] Creating DB...
[10:06:40:628] Checking Registration Status...
[10:06:40:630] Preparing Environment. 
[10:06:40:677] Starting Idle timmer...
[10:06:40:714] isRegistered: true Message: ok
[10:10:09:309] Creating DB...
[10:10:10:455] Checking Registration Status...
[10:10:10:456] Preparing Environment. 
[10:10:10:502] Starting Idle timmer...
[10:10:10:538] isRegistered: true Message: ok
[10:12:19:229] Creating DB...
[10:12:19:404] Checking Registration Status...
[10:12:19:406] Preparing Environment. 
[10:12:19:447] Starting Idle timmer...
[10:12:19:476] isRegistered: true Message: ok
[10:21:02:967] Creating DB...
[10:21:03:553] Checking Registration Status...
[10:21:03:555] Preparing Environment. 
[10:21:03:608] Starting Idle timmer...
[10:21:03:638] isRegistered: true Message: ok
[10:21:47:240] Creating DB...
[10:21:51:695] Checking Registration Status...
[10:21:51:697] Preparing Environment. 
[10:21:51:747] Starting Idle timmer...
[10:21:51:776] isRegistered: true Message: ok
[10:23:07:228] Creating DB...
[10:23:07:389] Checking Registration Status...
[10:23:07:391] Preparing Environment. 
[10:23:07:439] Starting Idle timmer...
[10:23:07:469] isRegistered: true Message: ok
[10:23:41:098] Creating DB...
[10:23:41:255] Checking Registration Status...
[10:23:41:257] Preparing Environment. 
[10:23:41:307] Starting Idle timmer...
[10:23:41:336] isRegistered: true Message: ok
[10:23:58:971] Creating DB...
[10:23:59:142] Checking Registration Status...
[10:23:59:146] Preparing Environment. 
[10:23:59:188] Starting Idle timmer...
[10:23:59:215] isRegistered: true Message: ok
[10:24:19:949] Creating DB...
[10:24:20:103] Checking Registration Status...
[10:24:20:104] Preparing Environment. 
[10:24:20:148] Starting Idle timmer...
[10:24:20:175] isRegistered: true Message: ok
[10:25:06:654] Creating DB...
[10:25:06:812] Checking Registration Status...
[10:25:06:814] Preparing Environment. 
[10:25:06:858] Starting Idle timmer...
[10:25:06:886] isRegistered: true Message: ok
[13:09:38:572] Creating DB...
[13:09:39:035] Checking Registration Status...
[13:09:39:037] Preparing Environment. 
[13:09:39:082] Starting Idle timmer...
[13:09:39:108] isRegistered: true Message: ok
[13:14:29:212] Creating DB...
[13:14:29:395] Checking Registration Status...
[13:14:29:397] Preparing Environment. 
[13:14:29:452] Starting Idle timmer...
[13:14:29:483] isRegistered: true Message: ok
[13:15:57:394] Creating DB...
[13:16:00:401] Checking Registration Status...
[13:16:00:403] Preparing Environment. 
[13:16:00:457] Starting Idle timmer...
[13:16:00:487] isRegistered: true Message: ok
[13:17:10:619] Creating DB...
[13:17:10:790] Checking Registration Status...
[13:17:10:791] Preparing Environment. 
[13:17:10:846] Starting Idle timmer...
[13:17:10:878] isRegistered: true Message: ok
[13:17:15:368] ReferenceError {} 'Uncaught Exception thrown'
[13:17:15:833] ReferenceError {} 'Uncaught Exception thrown'
[13:17:16:017] ReferenceError {} 'Uncaught Exception thrown'
[13:17:16:185] ReferenceError {} 'Uncaught Exception thrown'
[13:17:16:368] ReferenceError {} 'Uncaught Exception thrown'
[13:17:16:544] ReferenceError {} 'Uncaught Exception thrown'
[13:17:16:920] ReferenceError {} 'Uncaught Exception thrown'
[13:17:17:129] ReferenceError {} 'Uncaught Exception thrown'
[13:17:17:320] ReferenceError {} 'Uncaught Exception thrown'
[13:17:17:504] ReferenceError {} 'Uncaught Exception thrown'
[13:17:17:689] ReferenceError {} 'Uncaught Exception thrown'
[13:17:17:872] ReferenceError {} 'Uncaught Exception thrown'
[13:17:18:057] ReferenceError {} 'Uncaught Exception thrown'
[13:17:18:216] ReferenceError {} 'Uncaught Exception thrown'
[13:17:18:384] ReferenceError {} 'Uncaught Exception thrown'
[13:19:08:959] Creating DB...
[13:19:09:120] Checking Registration Status...
[13:19:09:121] Preparing Environment. 
[13:19:09:173] Starting Idle timmer...
[13:19:09:201] isRegistered: true Message: ok
[13:19:37:251] Creating DB...
[13:19:37:412] Checking Registration Status...
[13:19:37:413] Preparing Environment. 
[13:19:37:467] Starting Idle timmer...
[13:19:37:495] isRegistered: true Message: ok
[13:20:08:939] Creating DB...
[13:20:09:106] Checking Registration Status...
[13:20:09:108] Preparing Environment. 
[13:20:09:166] Starting Idle timmer...
[13:20:09:194] isRegistered: true Message: ok
[13:20:26:252] Creating DB...
[13:20:26:421] Checking Registration Status...
[13:20:26:423] Preparing Environment. 
[13:20:26:470] Starting Idle timmer...
[13:20:26:500] isRegistered: true Message: ok
[13:20:59:307] Creating DB...
[13:20:59:484] Checking Registration Status...
[13:20:59:486] Preparing Environment. 
[13:20:59:539] Starting Idle timmer...
[13:20:59:569] isRegistered: true Message: ok
[13:23:22:007] Creating DB...
[13:23:23:299] Checking Registration Status...
[13:23:23:301] Preparing Environment. 
[13:23:23:355] Starting Idle timmer...
[13:23:23:387] isRegistered: true Message: ok
[13:23:29:795] Creating DB...
[13:23:29:963] Checking Registration Status...
[13:23:29:965] Preparing Environment. 
[13:23:30:020] Starting Idle timmer...
[13:23:30:049] isRegistered: true Message: ok
[13:23:46:218] Creating DB...
[13:23:46:401] Checking Registration Status...
[13:23:46:403] Preparing Environment. 
[13:23:46:449] Starting Idle timmer...
[13:23:46:485] isRegistered: true Message: ok
[13:24:52:842] Creating DB...
[13:24:53:007] Checking Registration Status...
[13:24:53:009] Preparing Environment. 
[13:24:53:055] Starting Idle timmer...
[13:24:53:085] isRegistered: true Message: ok
[16:10:51:130] Creating DB...
[16:10:52:326] Checking Registration Status...
[16:10:52:327] Preparing Environment. 
[16:10:52:361] Starting Idle timmer...
[16:10:52:819] { errorCode: 1004, message: 'license must be a string' }
[16:10:52:821] isRegistered: false Message: license must be a string
[16:11:02:979] TypeError {} 'Uncaught Exception thrown'
[16:11:57:871] Creating DB...
[16:11:58:104] Checking Registration Status...
[16:11:58:106] Preparing Environment. 
[16:11:58:149] Starting Idle timmer...
[16:11:58:183] { errorCode: 1004, message: 'license must be a string' }
[16:11:58:186] isRegistered: false Message: license must be a string
[16:11:59:978] TypeError {} 'Uncaught Exception thrown'
[16:12:44:687] TypeError {} 'Uncaught Exception thrown'
[16:13:42:839] Creating DB...
[16:13:43:071] Checking Registration Status...
[16:13:43:074] Preparing Environment. 
[16:13:43:111] Starting Idle timmer...
[16:13:43:141] { errorCode: 1004, message: 'license must be a string' }
[16:13:43:143] isRegistered: false Message: license must be a string
[16:15:24:556] Creating DB...
[16:15:24:766] Checking Registration Status...
[16:15:24:768] Preparing Environment. 
[16:15:24:814] Starting Idle timmer...
[16:15:24:832] { errorCode: 1004, message: 'license must be a string' }
[16:15:24:835] isRegistered: false Message: license must be a string
[16:15:26:099] TypeError {} 'Uncaught Exception thrown'
[16:15:58:879] TypeError {} 'Uncaught Exception thrown'
[16:18:24:677] TypeError {} 'Uncaught Exception thrown'
[16:18:25:527] TypeError {} 'Uncaught Exception thrown'
[17:02:21:264] Creating DB...
[17:02:21:569] Checking Registration Status...
[17:02:21:571] Preparing Environment. 
[17:02:21:614] Starting Idle timmer...
[17:02:21:705] { errorCode: 1004, message: 'license must be a string' }
[17:02:21:707] isRegistered: false Message: license must be a string
[17:02:25:660] TypeError {} 'Uncaught Exception thrown'
[10:32:30:678] Creating DB...
[10:32:32:174] Checking Registration Status...
[10:32:32:175] Preparing Environment. 
[10:32:32:216] Starting Idle timmer...
[10:32:32:920] { errorCode: 1004, message: 'license must be a string' }
[10:32:32:922] isRegistered: false Message: license must be a string
[10:32:47:781] TypeError {} 'Uncaught Exception thrown'
[10:41:46:123] { errorCode: 1004, message: 'license must be a string' }
[10:41:59:532] TypeError {} 'Uncaught Exception thrown'
[10:43:56:604] { errorCode: 1006, message: 'license not valid' }
[10:44:02:963] { errorCode: 1004, message: 'license must be a string' }
[10:48:43:277] TypeError {} 'Uncaught Exception thrown'
[10:49:08:091] TypeError {} 'Uncaught Exception thrown'
[10:49:10:021] TypeError {} 'Uncaught Exception thrown'
[10:49:55:938] Loading Files
[10:50:11:406] Files are loaded
